#
# There is insufficient memory for the Java Runtime Environment to continue.
# Native memory allocation (malloc) failed to allocate 972336 bytes for Chunk::new
# Possible reasons:
#   The system is out of physical RAM or swap space
#   The process is running with CompressedOops enabled, and the Java Heap may be blocking the growth of the native heap
# Possible solutions:
#   Reduce memory load on the system
#   Increase physical memory or swap space
#   Check if swap backing store is full
#   Decrease Java heap size (-Xmx/-Xms)
#   Decrease number of Java threads
#   Decrease Java thread stack sizes (-Xss)
#   Set larger code cache with -XX:ReservedCodeCacheSize=
#   JVM is running with Unscaled Compressed Oops mode in which the Java heap is
#     placed in the first 4GB address space. The Java Heap base address is the
#     maximum limit for the native heap growth. Please use -XX:HeapBaseMinAddress
#     to set the Java Heap base and to place the Java Heap above 4GB virtual address.
# This output file may be truncated or incomplete.
#
#  Out of Memory Error (arena.cpp:189), pid=12272, tid=6008
#
# JRE version: OpenJDK Runtime Environment Temurin-17.0.6+10 (17.0.6+10) (build 17.0.6+10)
# Java VM: OpenJDK 64-Bit Server VM Temurin-17.0.6+10 (17.0.6+10, mixed mode, tiered, compressed oops, compressed class ptrs, parallel gc, windows-amd64)
# No core dump will be written. Minidumps are not enabled by default on client versions of Windows
#

---------------  S U M M A R Y ------------

Command Line: --add-modules=ALL-SYSTEM --add-opens=java.base/java.util=ALL-UNNAMED --add-opens=java.base/java.lang=ALL-UNNAMED --add-opens=java.base/sun.nio.fs=ALL-UNNAMED -Declipse.application=org.eclipse.jdt.ls.core.id1 -Dosgi.bundles.defaultStartLevel=4 -Declipse.product=org.eclipse.jdt.ls.core.product -Djava.import.generatesMetadataFilesAtProjectRoot=false -Dfile.encoding=utf8 -XX:+UseParallelGC -XX:GCTimeRatio=4 -XX:AdaptiveSizePolicyWeight=90 -Dsun.zip.disableMemoryMapping=true -Xmx1G -Xms100m -Xlog:disable -javaagent:c:\Users\Charan\.vscode\extensions\redhat.java-1.17.0-win32-x64\lombok\lombok-1.18.24.jar -XX:+HeapDumpOnOutOfMemoryError -XX:HeapDumpPath=c:\Users\Charan\AppData\Roaming\Code\User\workspaceStorage\0be0a876a36b49479f395b5b8852e472\redhat.java -Daether.dependencyCollector.impl=bf c:\Users\Charan\.vscode\extensions\redhat.java-1.17.0-win32-x64\server\plugins\org.eclipse.equinox.launcher_1.6.400.v20210924-0641.jar -configuration c:\Users\Charan\AppData\Roaming\Code\User\globalStorage\redhat.java\1.17.0\config_win -data c:\Users\Charan\AppData\Roaming\Code\User\workspaceStorage\0be0a876a36b49479f395b5b8852e472\redhat.java\jdt_ws

Host: AMD Ryzen 5 2500U with Radeon Vega Mobile Gfx  , 8 cores, 6G,  Windows 10 , 64 bit Build 19041 (10.0.19041.3155)
Time: Sat Aug 12 07:02:26 2023 Eastern Daylight Time elapsed time: 37.594076 seconds (0d 0h 0m 37s)

---------------  T H R E A D  ---------------

Current thread (0x00000200e0346810):  JavaThread "C2 CompilerThread0" daemon [_thread_in_native, id=6008, stack(0x0000002f27300000,0x0000002f27400000)]


Current CompileTask:
C2:  37594 9879   !   4       org.eclipse.jdt.internal.compiler.parser.Scanner::getNextToken0 (2562 bytes)

Stack: [0x0000002f27300000,0x0000002f27400000]
Native frames: (J=compiled Java code, j=interpreted, Vv=VM code, C=native code)
V  [jvm.dll+0x67741a]
V  [jvm.dll+0x834434]
V  [jvm.dll+0x835bde]
V  [jvm.dll+0x836243]
V  [jvm.dll+0x2457b5]
V  [jvm.dll+0xabafc]
V  [jvm.dll+0xac0cc]
V  [jvm.dll+0x363492]
V  [jvm.dll+0x32dda1]
V  [jvm.dll+0x32d24a]
V  [jvm.dll+0x2185f1]
V  [jvm.dll+0x217a11]
V  [jvm.dll+0x1a3d0d]
V  [jvm.dll+0x22742a]
V  [jvm.dll+0x225565]
V  [jvm.dll+0x7ea2cb]
V  [jvm.dll+0x7e483a]
V  [jvm.dll+0x6762c5]
C  [ucrtbase.dll+0x21bb2]
C  [KERNEL32.DLL+0x17614]
C  [ntdll.dll+0x526b1]


---------------  P R O C E S S  ---------------

Threads class SMR info:
_java_thread_list=0x00000200e66f8d10, length=44, elements={
0x00000200ca9b3d80, 0x00000200de832740, 0x00000200de834fe0, 0x00000200e0337280,
0x00000200e03380f0, 0x00000200e0339700, 0x00000200e0341620, 0x00000200e0346810,
0x00000200e034f9d0, 0x00000200e03583b0, 0x00000200e04a67a0, 0x00000200e0643eb0,
0x00000200e2670cb0, 0x00000200e2580f80, 0x00000200e2524e40, 0x00000200e2d57010,
0x00000200e2d17560, 0x00000200e2dff7d0, 0x00000200e2dfdfc0, 0x00000200e2dff300,
0x00000200e2e00b10, 0x00000200e2e014b0, 0x00000200e2dffca0, 0x00000200e2e00170,
0x00000200e2e00640, 0x00000200e70c5e50, 0x00000200e70c9340, 0x00000200e70c8000,
0x00000200e70c9ce0, 0x00000200e70c5980, 0x00000200e70ca1b0, 0x00000200e70c6320,
0x00000200e70c4170, 0x00000200e70c67f0, 0x00000200e70c9810, 0x00000200e70c89a0,
0x00000200e70c3ca0, 0x00000200e70c4640, 0x00000200e70c4b10, 0x00000200e70c7190,
0x00000200e70c4fe0, 0x00000200e70c54b0, 0x00000200e188a5c0, 0x00000200e272d760
}

Java Threads: ( => current thread )
  0x00000200ca9b3d80 JavaThread "main" [_thread_blocked, id=5648, stack(0x0000002f26a00000,0x0000002f26b00000)]
  0x00000200de832740 JavaThread "Reference Handler" daemon [_thread_blocked, id=3820, stack(0x0000002f26d00000,0x0000002f26e00000)]
  0x00000200de834fe0 JavaThread "Finalizer" daemon [_thread_blocked, id=4988, stack(0x0000002f26e00000,0x0000002f26f00000)]
  0x00000200e0337280 JavaThread "Signal Dispatcher" daemon [_thread_blocked, id=2648, stack(0x0000002f26f00000,0x0000002f27000000)]
  0x00000200e03380f0 JavaThread "Attach Listener" daemon [_thread_blocked, id=7268, stack(0x0000002f27000000,0x0000002f27100000)]
  0x00000200e0339700 JavaThread "Service Thread" daemon [_thread_blocked, id=11552, stack(0x0000002f27100000,0x0000002f27200000)]
  0x00000200e0341620 JavaThread "Monitor Deflation Thread" daemon [_thread_blocked, id=2952, stack(0x0000002f27200000,0x0000002f27300000)]
=>0x00000200e0346810 JavaThread "C2 CompilerThread0" daemon [_thread_in_native, id=6008, stack(0x0000002f27300000,0x0000002f27400000)]
  0x00000200e034f9d0 JavaThread "C1 CompilerThread0" daemon [_thread_blocked, id=12104, stack(0x0000002f27400000,0x0000002f27500000)]
  0x00000200e03583b0 JavaThread "Sweeper thread" daemon [_thread_blocked, id=5504, stack(0x0000002f27500000,0x0000002f27600000)]
  0x00000200e04a67a0 JavaThread "Common-Cleaner" daemon [_thread_blocked, id=9556, stack(0x0000002f27600000,0x0000002f27700000)]
  0x00000200e0643eb0 JavaThread "Notification Thread" daemon [_thread_blocked, id=4532, stack(0x0000002f27700000,0x0000002f27800000)]
  0x00000200e2670cb0 JavaThread "Active Thread: Equinox Container: 81c4db7b-0076-45b5-826d-3ca807afeb0c" [_thread_blocked, id=10976, stack(0x0000002f28100000,0x0000002f28200000)]
  0x00000200e2580f80 JavaThread "Framework Event Dispatcher: Equinox Container: 81c4db7b-0076-45b5-826d-3ca807afeb0c" daemon [_thread_blocked, id=6668, stack(0x0000002f28200000,0x0000002f28300000)]
  0x00000200e2524e40 JavaThread "Start Level: Equinox Container: 81c4db7b-0076-45b5-826d-3ca807afeb0c" daemon [_thread_blocked, id=10688, stack(0x0000002f28300000,0x0000002f28400000)]
  0x00000200e2d57010 JavaThread "SCR Component Actor" daemon [_thread_blocked, id=2732, stack(0x0000002f28400000,0x0000002f28500000)]
  0x00000200e2d17560 JavaThread "Worker-JM" [_thread_blocked, id=3372, stack(0x0000002f27a00000,0x0000002f27b00000)]
  0x00000200e2dff7d0 JavaThread "Worker-0" [_thread_blocked, id=12420, stack(0x0000002f27900000,0x0000002f27a00000)]
  0x00000200e2dfdfc0 JavaThread "Worker-1" [_thread_blocked, id=10968, stack(0x0000002f28700000,0x0000002f28800000)]
  0x00000200e2dff300 JavaThread "Bundle File Closer" daemon [_thread_blocked, id=9688, stack(0x0000002f28800000,0x0000002f28900000)]
  0x00000200e2e00b10 JavaThread "Java indexing" daemon [_thread_in_Java, id=5516, stack(0x0000002f28900000,0x0000002f28a00000)]
  0x00000200e2e014b0 JavaThread "Worker-2" [_thread_blocked, id=4824, stack(0x0000002f28c00000,0x0000002f28d00000)]
  0x00000200e2dffca0 JavaThread "JNA Cleaner" daemon [_thread_blocked, id=13288, stack(0x0000002f28d00000,0x0000002f28e00000)]
  0x00000200e2e00170 JavaThread "pool-2-thread-1" [_thread_blocked, id=7032, stack(0x0000002f28e00000,0x0000002f28f00000)]
  0x00000200e2e00640 JavaThread "pool-1-thread-1" [_thread_in_native, id=3824, stack(0x0000002f28f00000,0x0000002f29000000)]
  0x00000200e70c5e50 JavaThread "Worker-3: Java indexing... " [_thread_blocked, id=8824, stack(0x0000002f28a00000,0x0000002f28b00000)]
  0x00000200e70c9340 JavaThread "Worker-4" [_thread_blocked, id=3464, stack(0x0000002f29800000,0x0000002f29900000)]
  0x00000200e70c8000 JavaThread "Worker-5" [_thread_blocked, id=6496, stack(0x0000002f29900000,0x0000002f29a00000)]
  0x00000200e70c9ce0 JavaThread "Worker-6" [_thread_blocked, id=5316, stack(0x0000002f29a00000,0x0000002f29b00000)]
  0x00000200e70c5980 JavaThread "ForkJoinPool.commonPool-worker-1" daemon [_thread_blocked, id=4528, stack(0x0000002f28600000,0x0000002f28700000)]
  0x00000200e70ca1b0 JavaThread "ForkJoinPool.commonPool-worker-2" daemon [_thread_blocked, id=12672, stack(0x0000002f29000000,0x0000002f29100000)]
  0x00000200e70c6320 JavaThread "ForkJoinPool.commonPool-worker-3" daemon [_thread_blocked, id=9420, stack(0x0000002f29100000,0x0000002f29200000)]
  0x00000200e70c4170 JavaThread "ForkJoinPool.commonPool-worker-4" daemon [_thread_blocked, id=3096, stack(0x0000002f29200000,0x0000002f29300000)]
  0x00000200e70c67f0 JavaThread "ForkJoinPool.commonPool-worker-5" daemon [_thread_blocked, id=6080, stack(0x0000002f29300000,0x0000002f29400000)]
  0x00000200e70c9810 JavaThread "ForkJoinPool.commonPool-worker-6" daemon [_thread_blocked, id=6352, stack(0x0000002f29400000,0x0000002f29500000)]
  0x00000200e70c89a0 JavaThread "ForkJoinPool.commonPool-worker-7" daemon [_thread_blocked, id=12544, stack(0x0000002f29500000,0x0000002f29600000)]
  0x00000200e70c3ca0 JavaThread "Java Debug Server" daemon [_thread_in_native, id=9496, stack(0x0000002f26700000,0x0000002f26800000)]
  0x00000200e70c4640 JavaThread "pool-3-thread-1" [_thread_in_native, id=11416, stack(0x0000002f28b00000,0x0000002f28c00000)]
  0x00000200e70c4b10 JavaThread "RxSchedulerPurge-1" daemon [_thread_blocked, id=10408, stack(0x0000002f29600000,0x0000002f29700000)]
  0x00000200e70c7190 JavaThread "RxCachedWorkerPoolEvictor-1" daemon [_thread_blocked, id=12632, stack(0x0000002f29c00000,0x0000002f29d00000)]
  0x00000200e70c4fe0 JavaThread "RxNewThreadScheduler-1" daemon [_thread_blocked, id=11068, stack(0x0000002f29d00000,0x0000002f29e00000)]
  0x00000200e70c54b0 JavaThread "RxNewThreadScheduler-2" daemon [_thread_in_native, id=6112, stack(0x0000002f29b00000,0x0000002f29c00000)]
  0x00000200e188a5c0 JavaThread "C2 CompilerThread1" daemon [_thread_in_native, id=1528, stack(0x0000002f29700000,0x0000002f29800000)]
  0x00000200e272d760 JavaThread "C2 CompilerThread2" daemon [_thread_in_native, id=11564, stack(0x0000002f2a000000,0x0000002f2a100000)]

Other Threads:
  0x00000200e0310c20 VMThread "VM Thread" [stack: 0x0000002f26c00000,0x0000002f26d00000] [id=6120]
  0x00000200e062b060 WatcherThread [stack: 0x0000002f27800000,0x0000002f27900000] [id=4924]
  0x00000200ca9ca160 GCTaskThread "GC Thread#0" [stack: 0x0000002f26b00000,0x0000002f26c00000] [id=9860]
  0x00000200e2464040 GCTaskThread "GC Thread#1" [stack: 0x0000002f27b00000,0x0000002f27c00000] [id=11632]
  0x00000200e24642f0 GCTaskThread "GC Thread#2" [stack: 0x0000002f27c00000,0x0000002f27d00000] [id=11444]
  0x00000200e242df90 GCTaskThread "GC Thread#3" [stack: 0x0000002f27d00000,0x0000002f27e00000] [id=11348]
  0x00000200e242e240 GCTaskThread "GC Thread#4" [stack: 0x0000002f27e00000,0x0000002f27f00000] [id=11684]
  0x00000200e242e900 GCTaskThread "GC Thread#5" [stack: 0x0000002f27f00000,0x0000002f28000000] [id=11720]
  0x00000200e244cb80 GCTaskThread "GC Thread#6" [stack: 0x0000002f28000000,0x0000002f28100000] [id=11748]
  0x00000200e252ad60 GCTaskThread "GC Thread#7" [stack: 0x0000002f28500000,0x0000002f28600000] [id=6836]

Threads with active compile tasks:
C2 CompilerThread0    37652 9879   !   4       org.eclipse.jdt.internal.compiler.parser.Scanner::getNextToken0 (2562 bytes)
C2 CompilerThread1    37652 9880       4       org.eclipse.jdt.internal.compiler.parser.Parser::consumeRule (7834 bytes)
C2 CompilerThread2    37653 9893       4       org.eclipse.jdt.internal.compiler.lookup.BinaryTypeBinding::createMethod (1719 bytes)

VM state: not at safepoint (normal execution)

VM Mutex/Monitor currently owned by a thread: None

Heap address: 0x00000000c0000000, size: 1024 MB, Compressed Oops mode: 32-bit

CDS archive(s) not mapped
Compressed class space mapped at: 0x0000000100000000-0x0000000140000000, reserved size: 1073741824
Narrow klass base: 0x0000000000000000, Narrow klass shift: 3, Narrow klass range: 0x140000000

GC Precious Log:
 CPUs: 8 total, 8 available
 Memory: 7123M
 Large Page Support: Disabled
 NUMA Support: Disabled
 Compressed Oops: Enabled (32-bit)
 Alignments: Space 512K, Generation 512K, Heap 2M
 Heap Min Capacity: 100M
 Heap Initial Capacity: 100M
 Heap Max Capacity: 1G
 Pre-touch: Disabled
 Parallel Workers: 8

Heap:
 PSYoungGen      total 37376K, used 18332K [0x00000000eab00000, 0x00000000efb00000, 0x0000000100000000)
  eden space 15360K, 69% used [0x00000000eab00000,0x00000000eb56eef0,0x00000000eba00000)
  from space 22016K, 34% used [0x00000000eba00000,0x00000000ec178448,0x00000000ecf80000)
  to   space 33280K, 0% used [0x00000000eda80000,0x00000000eda80000,0x00000000efb00000)
 ParOldGen       total 419328K, used 344637K [0x00000000c0000000, 0x00000000d9980000, 0x00000000eab00000)
  object space 419328K, 82% used [0x00000000c0000000,0x00000000d508f650,0x00000000d9980000)
 Metaspace       used 72176K, committed 73216K, reserved 1114112K
  class space    used 7703K, committed 8128K, reserved 1048576K

Card table byte_map: [0x00000200ca360000,0x00000200ca570000] _byte_map_base: 0x00000200c9d60000

Marking Bits: (ParMarkBitMap*) 0x00007fffa7263e70
 Begin Bits: [0x00000200dc640000, 0x00000200dd640000)
 End Bits:   [0x00000200dd640000, 0x00000200de640000)

Polling page: 0x00000200c8930000

Metaspace:

Usage:
  Non-class:     62.96 MB used.
      Class:      7.52 MB used.
       Both:     70.48 MB used.

Virtual space:
  Non-class space:       64.00 MB reserved,      63.56 MB (>99%) committed,  8 nodes.
      Class space:        1.00 GB reserved,       7.94 MB ( <1%) committed,  1 nodes.
             Both:        1.06 GB reserved,      71.50 MB (  7%) committed. 

Chunk freelists:
   Non-Class:  16.00 KB
       Class:  64.00 KB
        Both:  80.00 KB

MaxMetaspaceSize: unlimited
CompressedClassSpaceSize: 1.00 GB
Initial GC threshold: 21.00 MB
Current GC threshold: 118.56 MB
CDS: off
MetaspaceReclaimPolicy: balanced
 - commit_granule_bytes: 65536.
 - commit_granule_words: 8192.
 - virtual_space_node_default_size: 1048576.
 - enlarge_chunks_in_place: 1.
 - new_chunks_are_fully_committed: 0.
 - uncommit_free_chunks: 1.
 - use_allocation_guard: 0.
 - handle_deallocations: 1.


Internal statistics:

num_allocs_failed_limit: 6.
num_arena_births: 514.
num_arena_deaths: 14.
num_vsnodes_births: 9.
num_vsnodes_deaths: 0.
num_space_committed: 1143.
num_space_uncommitted: 0.
num_chunks_returned_to_freelist: 27.
num_chunks_taken_from_freelist: 3444.
num_chunk_merges: 12.
num_chunk_splits: 2152.
num_chunks_enlarged: 1260.
num_purges: 2.
num_inconsistent_stats: 0.

CodeHeap 'non-profiled nmethods': size=120000Kb used=5501Kb max_used=5501Kb free=114498Kb
 bounds [0x00000200d5110000, 0x00000200d5670000, 0x00000200dc640000]
CodeHeap 'profiled nmethods': size=120000Kb used=16274Kb max_used=18149Kb free=103725Kb
 bounds [0x00000200cd640000, 0x00000200ce800000, 0x00000200d4b70000]
CodeHeap 'non-nmethods': size=5760Kb used=1388Kb max_used=1462Kb free=4371Kb
 bounds [0x00000200d4b70000, 0x00000200d4de0000, 0x00000200d5110000]
 total_blobs=8736 nmethods=7995 adapters=653
 compilation: enabled
              stopped_count=0, restarted_count=0
 full_count=0

Compilation events (20 events):
Event: 37.435 Thread 0x00000200e034f9d0 9926   !   2       org.eclipse.jdt.internal.compiler.parser.diagnose.LexStream::readTokenFromScanner (417 bytes)
Event: 37.437 Thread 0x00000200e034f9d0 nmethod 9926 0x00000200cd989990 code [0x00000200cd989ba0, 0x00000200cd98a3d8]
Event: 37.437 Thread 0x00000200e034f9d0 9923       2       org.eclipse.jdt.internal.compiler.parser.diagnose.LexStream::kind (9 bytes)
Event: 37.438 Thread 0x00000200e034f9d0 nmethod 9923 0x00000200ce344010 code [0x00000200ce3441a0, 0x00000200ce3442c8]
Event: 37.438 Thread 0x00000200e034f9d0 9925       2       org.eclipse.jdt.internal.compiler.parser.diagnose.LexStream::start (9 bytes)
Event: 37.438 Thread 0x00000200e034f9d0 nmethod 9925 0x00000200ce385110 code [0x00000200ce3852a0, 0x00000200ce3853c8]
Event: 37.438 Thread 0x00000200e034f9d0 9920       2       org.eclipse.jdt.internal.compiler.parser.diagnose.LexStream::next (19 bytes)
Event: 37.438 Thread 0x00000200e034f9d0 nmethod 9920 0x00000200ce395590 code [0x00000200ce395720, 0x00000200ce395838]
Event: 37.438 Thread 0x00000200e034f9d0 9927       2       org.eclipse.jdt.internal.compiler.parser.diagnose.LexStream$Token::<init> (5 bytes)
Event: 37.439 Thread 0x00000200e034f9d0 nmethod 9927 0x00000200cda1e290 code [0x00000200cda1e420, 0x00000200cda1e518]
Event: 37.442 Thread 0x00000200e034f9d0 9928       1       org.eclipse.jdt.internal.compiler.lookup.FieldBinding::kind (2 bytes)
Event: 37.442 Thread 0x00000200e034f9d0 nmethod 9928 0x00000200d566f290 code [0x00000200d566f420, 0x00000200d566f4f8]
Event: 37.442 Thread 0x00000200e034f9d0 9929       2       org.eclipse.jdt.internal.compiler.lookup.Scope::validateNullAnnotation (114 bytes)
Event: 37.444 Thread 0x00000200e034f9d0 nmethod 9929 0x00000200cdda3c10 code [0x00000200cdda3e00, 0x00000200cdda4138]
Event: 37.445 Thread 0x00000200e034f9d0 9931       2       org.eclipse.jdt.internal.core.PackageFragmentRoot::resource (5 bytes)
Event: 37.445 Thread 0x00000200e034f9d0 nmethod 9931 0x00000200ce3d9f90 code [0x00000200ce3da120, 0x00000200ce3da238]
Event: 37.449 Thread 0x00000200e034f9d0 9932       3       org.eclipse.jdt.internal.compiler.lookup.ImportBinding::isStatic (21 bytes)
Event: 37.449 Thread 0x00000200e034f9d0 nmethod 9932 0x00000200cdab6190 code [0x00000200cdab6340, 0x00000200cdab6618]
Event: 37.450 Thread 0x00000200e034f9d0 9933       2       org.eclipse.jdt.internal.compiler.lookup.FieldBinding::canBeSeenBy (513 bytes)
Event: 37.455 Thread 0x00000200e034f9d0 nmethod 9933 0x00000200cd711990 code [0x00000200cd711d60, 0x00000200cd712e08]

GC Heap History (20 events):
Event: 34.575 GC heap before
{Heap before GC invocations=168 (full 11):
 PSYoungGen      total 25088K, used 25087K [0x00000000eab00000, 0x00000000edb80000, 0x0000000100000000)
  eden space 14336K, 100% used [0x00000000eab00000,0x00000000eb900000,0x00000000eb900000)
  from space 10752K, 99% used [0x00000000ec780000,0x00000000ed1ffd10,0x00000000ed200000)
  to   space 14848K, 0% used [0x00000000eb900000,0x00000000eb900000,0x00000000ec780000)
 ParOldGen       total 345088K, used 287891K [0x00000000c0000000, 0x00000000d5100000, 0x00000000eab00000)
  object space 345088K, 83% used [0x00000000c0000000,0x00000000d1924d78,0x00000000d5100000)
 Metaspace       used 71811K, committed 72832K, reserved 1114112K
  class space    used 7652K, committed 8064K, reserved 1048576K
}
Event: 34.582 GC heap after
{Heap after GC invocations=168 (full 11):
 PSYoungGen      total 29184K, used 12407K [0x00000000eab00000, 0x00000000ed480000, 0x0000000100000000)
  eden space 14336K, 0% used [0x00000000eab00000,0x00000000eab00000,0x00000000eb900000)
  from space 14848K, 83% used [0x00000000eb900000,0x00000000ec51df10,0x00000000ec780000)
  to   space 13312K, 0% used [0x00000000ec780000,0x00000000ec780000,0x00000000ed480000)
 ParOldGen       total 345088K, used 291646K [0x00000000c0000000, 0x00000000d5100000, 0x00000000eab00000)
  object space 345088K, 84% used [0x00000000c0000000,0x00000000d1ccf8d0,0x00000000d5100000)
 Metaspace       used 71811K, committed 72832K, reserved 1114112K
  class space    used 7652K, committed 8064K, reserved 1048576K
}
Event: 34.619 GC heap before
{Heap before GC invocations=169 (full 11):
 PSYoungGen      total 29184K, used 26743K [0x00000000eab00000, 0x00000000ed480000, 0x0000000100000000)
  eden space 14336K, 100% used [0x00000000eab00000,0x00000000eb900000,0x00000000eb900000)
  from space 14848K, 83% used [0x00000000eb900000,0x00000000ec51df10,0x00000000ec780000)
  to   space 13312K, 0% used [0x00000000ec780000,0x00000000ec780000,0x00000000ed480000)
 ParOldGen       total 345088K, used 291646K [0x00000000c0000000, 0x00000000d5100000, 0x00000000eab00000)
  object space 345088K, 84% used [0x00000000c0000000,0x00000000d1ccf8d0,0x00000000d5100000)
 Metaspace       used 71811K, committed 72832K, reserved 1114112K
  class space    used 7652K, committed 8064K, reserved 1048576K
}
Event: 34.628 GC heap after
{Heap after GC invocations=169 (full 11):
 PSYoungGen      total 23040K, used 13304K [0x00000000eab00000, 0x00000000ee080000, 0x0000000100000000)
  eden space 9728K, 0% used [0x00000000eab00000,0x00000000eab00000,0x00000000eb480000)
  from space 13312K, 99% used [0x00000000ec780000,0x00000000ed47e3f8,0x00000000ed480000)
  to   space 19456K, 0% used [0x00000000eb480000,0x00000000eb480000,0x00000000ec780000)
 ParOldGen       total 345088K, used 296454K [0x00000000c0000000, 0x00000000d5100000, 0x00000000eab00000)
  object space 345088K, 85% used [0x00000000c0000000,0x00000000d2181868,0x00000000d5100000)
 Metaspace       used 71811K, committed 72832K, reserved 1114112K
  class space    used 7652K, committed 8064K, reserved 1048576K
}
Event: 34.666 GC heap before
{Heap before GC invocations=170 (full 11):
 PSYoungGen      total 23040K, used 23032K [0x00000000eab00000, 0x00000000ee080000, 0x0000000100000000)
  eden space 9728K, 100% used [0x00000000eab00000,0x00000000eb480000,0x00000000eb480000)
  from space 13312K, 99% used [0x00000000ec780000,0x00000000ed47e3f8,0x00000000ed480000)
  to   space 19456K, 0% used [0x00000000eb480000,0x00000000eb480000,0x00000000ec780000)
 ParOldGen       total 345088K, used 296454K [0x00000000c0000000, 0x00000000d5100000, 0x00000000eab00000)
  object space 345088K, 85% used [0x00000000c0000000,0x00000000d2181868,0x00000000d5100000)
 Metaspace       used 71811K, committed 72832K, reserved 1114112K
  class space    used 7652K, committed 8064K, reserved 1048576K
}
Event: 34.674 GC heap after
{Heap after GC invocations=170 (full 11):
 PSYoungGen      total 20480K, used 10686K [0x00000000eab00000, 0x00000000ed080000, 0x0000000100000000)
  eden space 9728K, 0% used [0x00000000eab00000,0x00000000eab00000,0x00000000eb480000)
  from space 10752K, 99% used [0x00000000eb480000,0x00000000ebeef9a0,0x00000000ebf00000)
  to   space 13824K, 0% used [0x00000000ec300000,0x00000000ec300000,0x00000000ed080000)
 ParOldGen       total 345088K, used 302657K [0x00000000c0000000, 0x00000000d5100000, 0x00000000eab00000)
  object space 345088K, 87% used [0x00000000c0000000,0x00000000d2790458,0x00000000d5100000)
 Metaspace       used 71811K, committed 72832K, reserved 1114112K
  class space    used 7652K, committed 8064K, reserved 1048576K
}
Event: 34.902 GC heap before
{Heap before GC invocations=171 (full 11):
 PSYoungGen      total 20480K, used 20414K [0x00000000eab00000, 0x00000000ed080000, 0x0000000100000000)
  eden space 9728K, 100% used [0x00000000eab00000,0x00000000eb480000,0x00000000eb480000)
  from space 10752K, 99% used [0x00000000eb480000,0x00000000ebeef9a0,0x00000000ebf00000)
  to   space 13824K, 0% used [0x00000000ec300000,0x00000000ec300000,0x00000000ed080000)
 ParOldGen       total 345088K, used 302657K [0x00000000c0000000, 0x00000000d5100000, 0x00000000eab00000)
  object space 345088K, 87% used [0x00000000c0000000,0x00000000d2790458,0x00000000d5100000)
 Metaspace       used 71825K, committed 72896K, reserved 1114112K
  class space    used 7652K, committed 8064K, reserved 1048576K
}
Event: 34.909 GC heap after
{Heap after GC invocations=171 (full 11):
 PSYoungGen      total 24064K, used 13306K [0x00000000eab00000, 0x00000000ed180000, 0x0000000100000000)
  eden space 10240K, 0% used [0x00000000eab00000,0x00000000eab00000,0x00000000eb500000)
  from space 13824K, 96% used [0x00000000ec300000,0x00000000ecffebd0,0x00000000ed080000)
  to   space 14336K, 0% used [0x00000000eb500000,0x00000000eb500000,0x00000000ec300000)
 ParOldGen       total 345088K, used 302657K [0x00000000c0000000, 0x00000000d5100000, 0x00000000eab00000)
  object space 345088K, 87% used [0x00000000c0000000,0x00000000d2790458,0x00000000d5100000)
 Metaspace       used 71825K, committed 72896K, reserved 1114112K
  class space    used 7652K, committed 8064K, reserved 1048576K
}
Event: 35.151 GC heap before
{Heap before GC invocations=172 (full 11):
 PSYoungGen      total 24064K, used 23546K [0x00000000eab00000, 0x00000000ed180000, 0x0000000100000000)
  eden space 10240K, 100% used [0x00000000eab00000,0x00000000eb500000,0x00000000eb500000)
  from space 13824K, 96% used [0x00000000ec300000,0x00000000ecffebd0,0x00000000ed080000)
  to   space 14336K, 0% used [0x00000000eb500000,0x00000000eb500000,0x00000000ec300000)
 ParOldGen       total 345088K, used 302657K [0x00000000c0000000, 0x00000000d5100000, 0x00000000eab00000)
  object space 345088K, 87% used [0x00000000c0000000,0x00000000d2790458,0x00000000d5100000)
 Metaspace       used 71829K, committed 72896K, reserved 1114112K
  class space    used 7653K, committed 8064K, reserved 1048576K
}
Event: 35.164 GC heap after
{Heap after GC invocations=172 (full 11):
 PSYoungGen      total 24576K, used 14333K [0x00000000eab00000, 0x00000000ede00000, 0x0000000100000000)
  eden space 10240K, 0% used [0x00000000eab00000,0x00000000eab00000,0x00000000eb500000)
  from space 14336K, 99% used [0x00000000eb500000,0x00000000ec2ff738,0x00000000ec300000)
  to   space 20480K, 0% used [0x00000000eca00000,0x00000000eca00000,0x00000000ede00000)
 ParOldGen       total 345088K, used 307563K [0x00000000c0000000, 0x00000000d5100000, 0x00000000eab00000)
  object space 345088K, 89% used [0x00000000c0000000,0x00000000d2c5ac10,0x00000000d5100000)
 Metaspace       used 71829K, committed 72896K, reserved 1114112K
  class space    used 7653K, committed 8064K, reserved 1048576K
}
Event: 35.464 GC heap before
{Heap before GC invocations=173 (full 11):
 PSYoungGen      total 24576K, used 24573K [0x00000000eab00000, 0x00000000ede00000, 0x0000000100000000)
  eden space 10240K, 100% used [0x00000000eab00000,0x00000000eb500000,0x00000000eb500000)
  from space 14336K, 99% used [0x00000000eb500000,0x00000000ec2ff738,0x00000000ec300000)
  to   space 20480K, 0% used [0x00000000eca00000,0x00000000eca00000,0x00000000ede00000)
 ParOldGen       total 345088K, used 307563K [0x00000000c0000000, 0x00000000d5100000, 0x00000000eab00000)
  object space 345088K, 89% used [0x00000000c0000000,0x00000000d2c5ac10,0x00000000d5100000)
 Metaspace       used 71829K, committed 72896K, reserved 1114112K
  class space    used 7653K, committed 8064K, reserved 1048576K
}
Event: 35.479 GC heap after
{Heap after GC invocations=173 (full 11):
 PSYoungGen      total 28672K, used 16914K [0x00000000eab00000, 0x00000000edb00000, 0x0000000100000000)
  eden space 11264K, 0% used [0x00000000eab00000,0x00000000eab00000,0x00000000eb600000)
  from space 17408K, 97% used [0x00000000eca00000,0x00000000eda84870,0x00000000edb00000)
  to   space 17920K, 0% used [0x00000000eb800000,0x00000000eb800000,0x00000000ec980000)
 ParOldGen       total 345088K, used 313956K [0x00000000c0000000, 0x00000000d5100000, 0x00000000eab00000)
  object space 345088K, 90% used [0x00000000c0000000,0x00000000d32990b8,0x00000000d5100000)
 Metaspace       used 71829K, committed 72896K, reserved 1114112K
  class space    used 7653K, committed 8064K, reserved 1048576K
}
Event: 35.712 GC heap before
{Heap before GC invocations=174 (full 11):
 PSYoungGen      total 28672K, used 27626K [0x00000000eab00000, 0x00000000edb00000, 0x0000000100000000)
  eden space 11264K, 95% used [0x00000000eab00000,0x00000000eb576088,0x00000000eb600000)
  from space 17408K, 97% used [0x00000000eca00000,0x00000000eda84870,0x00000000edb00000)
  to   space 17920K, 0% used [0x00000000eb800000,0x00000000eb800000,0x00000000ec980000)
 ParOldGen       total 345088K, used 313956K [0x00000000c0000000, 0x00000000d5100000, 0x00000000eab00000)
  object space 345088K, 90% used [0x00000000c0000000,0x00000000d32990b8,0x00000000d5100000)
 Metaspace       used 71829K, committed 72896K, reserved 1114112K
  class space    used 7653K, committed 8064K, reserved 1048576K
}
Event: 35.727 GC heap after
{Heap after GC invocations=174 (full 11):
 PSYoungGen      total 30208K, used 17916K [0x00000000eab00000, 0x00000000eea00000, 0x0000000100000000)
  eden space 12288K, 0% used [0x00000000eab00000,0x00000000eab00000,0x00000000eb700000)
  from space 17920K, 99% used [0x00000000eb800000,0x00000000ec97f368,0x00000000ec980000)
  to   space 26112K, 0% used [0x00000000ed080000,0x00000000ed080000,0x00000000eea00000)
 ParOldGen       total 345088K, used 320644K [0x00000000c0000000, 0x00000000d5100000, 0x00000000eab00000)
  object space 345088K, 92% used [0x00000000c0000000,0x00000000d3921070,0x00000000d5100000)
 Metaspace       used 71829K, committed 72896K, reserved 1114112K
  class space    used 7653K, committed 8064K, reserved 1048576K
}
Event: 36.016 GC heap before
{Heap before GC invocations=175 (full 11):
 PSYoungGen      total 30208K, used 30204K [0x00000000eab00000, 0x00000000eea00000, 0x0000000100000000)
  eden space 12288K, 100% used [0x00000000eab00000,0x00000000eb700000,0x00000000eb700000)
  from space 17920K, 99% used [0x00000000eb800000,0x00000000ec97f368,0x00000000ec980000)
  to   space 26112K, 0% used [0x00000000ed080000,0x00000000ed080000,0x00000000eea00000)
 ParOldGen       total 345088K, used 320644K [0x00000000c0000000, 0x00000000d5100000, 0x00000000eab00000)
  object space 345088K, 92% used [0x00000000c0000000,0x00000000d3921070,0x00000000d5100000)
 Metaspace       used 71829K, committed 72896K, reserved 1114112K
  class space    used 7653K, committed 8064K, reserved 1048576K
}
Event: 36.036 GC heap after
{Heap after GC invocations=175 (full 11):
 PSYoungGen      total 34304K, used 20551K [0x00000000eab00000, 0x00000000ee500000, 0x0000000100000000)
  eden space 13312K, 0% used [0x00000000eab00000,0x00000000eab00000,0x00000000eb800000)
  from space 20992K, 97% used [0x00000000ed080000,0x00000000ee491f28,0x00000000ee500000)
  to   space 22016K, 0% used [0x00000000eba00000,0x00000000eba00000,0x00000000ecf80000)
 ParOldGen       total 345088K, used 326681K [0x00000000c0000000, 0x00000000d5100000, 0x00000000eab00000)
  object space 345088K, 94% used [0x00000000c0000000,0x00000000d3f06418,0x00000000d5100000)
 Metaspace       used 71829K, committed 72896K, reserved 1114112K
  class space    used 7653K, committed 8064K, reserved 1048576K
}
Event: 36.484 GC heap before
{Heap before GC invocations=176 (full 11):
 PSYoungGen      total 34304K, used 33863K [0x00000000eab00000, 0x00000000ee500000, 0x0000000100000000)
  eden space 13312K, 100% used [0x00000000eab00000,0x00000000eb800000,0x00000000eb800000)
  from space 20992K, 97% used [0x00000000ed080000,0x00000000ee491f28,0x00000000ee500000)
  to   space 22016K, 0% used [0x00000000eba00000,0x00000000eba00000,0x00000000ecf80000)
 ParOldGen       total 345088K, used 326681K [0x00000000c0000000, 0x00000000d5100000, 0x00000000eab00000)
  object space 345088K, 94% used [0x00000000c0000000,0x00000000d3f06418,0x00000000d5100000)
 Metaspace       used 71829K, committed 72896K, reserved 1114112K
  class space    used 7653K, committed 8064K, reserved 1048576K
}
Event: 36.507 GC heap after
{Heap after GC invocations=176 (full 11):
 PSYoungGen      total 36352K, used 22013K [0x00000000eab00000, 0x00000000efa00000, 0x0000000100000000)
  eden space 14336K, 0% used [0x00000000eab00000,0x00000000eab00000,0x00000000eb900000)
  from space 22016K, 99% used [0x00000000eba00000,0x00000000ecf7f738,0x00000000ecf80000)
  to   space 33280K, 0% used [0x00000000ed980000,0x00000000ed980000,0x00000000efa00000)
 ParOldGen       total 345088K, used 335680K [0x00000000c0000000, 0x00000000d5100000, 0x00000000eab00000)
  object space 345088K, 97% used [0x00000000c0000000,0x00000000d47d00b8,0x00000000d5100000)
 Metaspace       used 71829K, committed 72896K, reserved 1114112K
  class space    used 7653K, committed 8064K, reserved 1048576K
}
Event: 36.507 GC heap before
{Heap before GC invocations=177 (full 12):
 PSYoungGen      total 36352K, used 22013K [0x00000000eab00000, 0x00000000efa00000, 0x0000000100000000)
  eden space 14336K, 0% used [0x00000000eab00000,0x00000000eab00000,0x00000000eb900000)
  from space 22016K, 99% used [0x00000000eba00000,0x00000000ecf7f738,0x00000000ecf80000)
  to   space 33280K, 0% used [0x00000000ed980000,0x00000000ed980000,0x00000000efa00000)
 ParOldGen       total 345088K, used 335680K [0x00000000c0000000, 0x00000000d5100000, 0x00000000eab00000)
  object space 345088K, 97% used [0x00000000c0000000,0x00000000d47d00b8,0x00000000d5100000)
 Metaspace       used 71829K, committed 72896K, reserved 1114112K
  class space    used 7653K, committed 8064K, reserved 1048576K
}
Event: 36.859 GC heap after
{Heap after GC invocations=177 (full 12):
 PSYoungGen      total 37376K, used 7649K [0x00000000eab00000, 0x00000000efb00000, 0x0000000100000000)
  eden space 15360K, 0% used [0x00000000eab00000,0x00000000eab00000,0x00000000eba00000)
  from space 22016K, 34% used [0x00000000eba00000,0x00000000ec178448,0x00000000ecf80000)
  to   space 33280K, 0% used [0x00000000eda80000,0x00000000eda80000,0x00000000efb00000)
 ParOldGen       total 419328K, used 344637K [0x00000000c0000000, 0x00000000d9980000, 0x00000000eab00000)
  object space 419328K, 82% used [0x00000000c0000000,0x00000000d508f650,0x00000000d9980000)
 Metaspace       used 71829K, committed 72896K, reserved 1114112K
  class space    used 7653K, committed 8064K, reserved 1048576K
}

Dll operation events (11 events):
Event: 0.011 Loaded shared library c:\Users\Charan\.vscode\extensions\redhat.java-1.17.0-win32-x64\jre\17.0.6-win32-x86_64\bin\java.dll
Event: 0.274 Loaded shared library c:\Users\Charan\.vscode\extensions\redhat.java-1.17.0-win32-x64\jre\17.0.6-win32-x86_64\bin\zip.dll
Event: 0.279 Loaded shared library C:\Users\Charan\.vscode\extensions\redhat.java-1.17.0-win32-x64\jre\17.0.6-win32-x86_64\bin\instrument.dll
Event: 0.296 Loaded shared library C:\Users\Charan\.vscode\extensions\redhat.java-1.17.0-win32-x64\jre\17.0.6-win32-x86_64\bin\net.dll
Event: 0.299 Loaded shared library C:\Users\Charan\.vscode\extensions\redhat.java-1.17.0-win32-x64\jre\17.0.6-win32-x86_64\bin\nio.dll
Event: 0.310 Loaded shared library C:\Users\Charan\.vscode\extensions\redhat.java-1.17.0-win32-x64\jre\17.0.6-win32-x86_64\bin\zip.dll
Event: 0.334 Loaded shared library C:\Users\Charan\.vscode\extensions\redhat.java-1.17.0-win32-x64\jre\17.0.6-win32-x86_64\bin\jimage.dll
Event: 0.420 Loaded shared library c:\Users\Charan\.vscode\extensions\redhat.java-1.17.0-win32-x64\jre\17.0.6-win32-x86_64\bin\verify.dll
Event: 1.984 Loaded shared library C:\Users\Charan\AppData\Roaming\Code\User\globalStorage\redhat.java\1.17.0\config_win\org.eclipse.equinox.launcher\org.eclipse.equinox.launcher.win32.win32.x86_64_1.2.700.v20221108-1024\eclipse_11801.dll
Event: 4.992 Loaded shared library C:\Users\Charan\AppData\Local\Temp\jna-2017201699\jna12886116006711803810.dll
Event: 27.143 Loaded shared library C:\Users\Charan\.vscode\extensions\redhat.java-1.17.0-win32-x64\jre\17.0.6-win32-x86_64\bin\sunmscapi.dll

Deoptimization events (20 events):
Event: 37.377 Thread 0x00000200e70c89a0 Uncommon trap: trap_request=0xffffffde fr.pc=0x00000200d55aa6e8 relative=0x00000000000023a8
Event: 37.377 Thread 0x00000200e70c89a0 Uncommon trap: reason=class_check action=maybe_recompile pc=0x00000200d55aa6e8 method=org.eclipse.jdt.internal.compiler.parser.Scanner.getNextToken()I @ 47 c2
Event: 37.377 Thread 0x00000200e70c89a0 DEOPT PACKING pc=0x00000200d55aa6e8 sp=0x0000002f295fe8f0
Event: 37.377 Thread 0x00000200e70c89a0 DEOPT UNPACKING pc=0x00000200d4bc66a3 sp=0x0000002f295fe8e0 mode 2
Event: 37.377 Thread 0x00000200e70c89a0 Uncommon trap: trap_request=0xffffffde fr.pc=0x00000200d55aa6e8 relative=0x00000000000023a8
Event: 37.377 Thread 0x00000200e70c89a0 Uncommon trap: reason=class_check action=maybe_recompile pc=0x00000200d55aa6e8 method=org.eclipse.jdt.internal.compiler.parser.Scanner.getNextToken()I @ 47 c2
Event: 37.377 Thread 0x00000200e70c89a0 DEOPT PACKING pc=0x00000200d55aa6e8 sp=0x0000002f295fe8f0
Event: 37.377 Thread 0x00000200e70c89a0 DEOPT UNPACKING pc=0x00000200d4bc66a3 sp=0x0000002f295fe8e0 mode 2
Event: 37.389 Thread 0x00000200e70c89a0 Uncommon trap: trap_request=0xffffff45 fr.pc=0x00000200d54a0a88 relative=0x0000000000000068
Event: 37.389 Thread 0x00000200e70c89a0 Uncommon trap: reason=unstable_if action=reinterpret pc=0x00000200d54a0a88 method=org.eclipse.jdt.internal.compiler.classfmt.MethodInfo.getExceptionTypeNames()[[C @ 4 c2
Event: 37.389 Thread 0x00000200e70c89a0 DEOPT PACKING pc=0x00000200d54a0a88 sp=0x0000002f295fdfd0
Event: 37.389 Thread 0x00000200e70c89a0 DEOPT UNPACKING pc=0x00000200d4bc66a3 sp=0x0000002f295fdf70 mode 2
Event: 37.403 Thread 0x00000200e2e00640 Uncommon trap: trap_request=0xffffff45 fr.pc=0x00000200d5414ee8 relative=0x00000000000002c8
Event: 37.403 Thread 0x00000200e2e00640 Uncommon trap: reason=unstable_if action=reinterpret pc=0x00000200d5414ee8 method=java.io.BufferedOutputStream.write([BII)V @ 6 c2
Event: 37.403 Thread 0x00000200e2e00640 DEOPT PACKING pc=0x00000200d5414ee8 sp=0x0000002f28ffe860
Event: 37.403 Thread 0x00000200e2e00640 DEOPT UNPACKING pc=0x00000200d4bc66a3 sp=0x0000002f28ffe808 mode 2
Event: 37.448 Thread 0x00000200e70c89a0 Uncommon trap: trap_request=0xffffffbe fr.pc=0x00000200d55d9670 relative=0x00000000000003b0
Event: 37.449 Thread 0x00000200e70c89a0 Uncommon trap: reason=profile_predicate action=maybe_recompile pc=0x00000200d55d9670 method=org.eclipse.jdt.internal.compiler.util.SimpleLookupTable.get(Ljava/lang/Object;)Ljava/lang/Object; @ 54 c2
Event: 37.449 Thread 0x00000200e70c89a0 DEOPT PACKING pc=0x00000200d55d9670 sp=0x0000002f295fd9d0
Event: 37.449 Thread 0x00000200e70c89a0 DEOPT UNPACKING pc=0x00000200d4bc66a3 sp=0x0000002f295fd968 mode 2

Classes unloaded (7 events):
Event: 3.156 Thread 0x00000200e0310c20 Unloading class 0x000000010021e800 'java/lang/invoke/LambdaForm$MH+0x000000010021e800'
Event: 3.156 Thread 0x00000200e0310c20 Unloading class 0x000000010021e400 'java/lang/invoke/LambdaForm$MH+0x000000010021e400'
Event: 3.156 Thread 0x00000200e0310c20 Unloading class 0x000000010021e000 'java/lang/invoke/LambdaForm$MH+0x000000010021e000'
Event: 3.156 Thread 0x00000200e0310c20 Unloading class 0x000000010021d800 'java/lang/invoke/LambdaForm$MH+0x000000010021d800'
Event: 3.156 Thread 0x00000200e0310c20 Unloading class 0x000000010021d400 'java/lang/invoke/LambdaForm$BMH+0x000000010021d400'
Event: 3.156 Thread 0x00000200e0310c20 Unloading class 0x000000010021d000 'java/lang/invoke/LambdaForm$DMH+0x000000010021d000'
Event: 3.156 Thread 0x00000200e0310c20 Unloading class 0x0000000100218400 'java/lang/invoke/LambdaForm$DMH+0x0000000100218400'

Classes redefined (0 events):
No events

Internal exceptions (20 events):
Event: 31.728 Thread 0x00000200e2670cb0 Implicit null exception at 0x00000200d5479e5e to 0x00000200d547ab69
Event: 31.864 Thread 0x00000200e70c4640 Exception <a 'java/lang/NoSuchMethodError'{0x00000000eafda1f8}: 'java.lang.Object java.lang.invoke.DirectMethodHandle$Holder.invokeVirtual(java.lang.Object, java.lang.Object, java.lang.Object, java.lang.Object)'> (0x00000000eafda1f8) 
thrown [s\src\hotspot\share\interpreter\linkResolver.cpp, line 759]
Event: 31.962 Thread 0x00000200e70c4fe0 Exception <a 'java/lang/NoSuchMethodError'{0x00000000ebdc7cd0}: 'java.lang.Object java.lang.invoke.DirectMethodHandle$Holder.invokeStatic(java.lang.Object, long, java.lang.Object, java.lang.Object)'> (0x00000000ebdc7cd0) 
thrown [s\src\hotspot\share\interpreter\linkResolver.cpp, line 759]
Event: 31.964 Thread 0x00000200e70c4fe0 Exception <a 'java/lang/NoSuchMethodError'{0x00000000ebdcf528}: 'java.lang.Object java.lang.invoke.DirectMethodHandle$Holder.newInvokeSpecial(java.lang.Object, long)'> (0x00000000ebdcf528) 
thrown [s\src\hotspot\share\interpreter\linkResolver.cpp, line 759]
Event: 37.378 Thread 0x00000200e70c89a0 Implicit null exception at 0x00000200cdbb185f to 0x00000200cdbb1a4d
Event: 37.378 Thread 0x00000200e70c89a0 Exception <a 'java/lang/NullPointerException'{0x00000000eb3a0100}> (0x00000000eb3a0100) 
thrown [s\src\hotspot\share\runtime\sharedRuntime.cpp, line 628]
Event: 37.403 Thread 0x00000200e70c89a0 Implicit null exception at 0x00000200cdbb185f to 0x00000200cdbb1a4d
Event: 37.403 Thread 0x00000200e70c89a0 Exception <a 'java/lang/NullPointerException'{0x00000000eb46b408}> (0x00000000eb46b408) 
thrown [s\src\hotspot\share\runtime\sharedRuntime.cpp, line 628]
Event: 37.404 Thread 0x00000200e70c89a0 Implicit null exception at 0x00000200cdbb185f to 0x00000200cdbb1a4d
Event: 37.404 Thread 0x00000200e70c89a0 Exception <a 'java/lang/NullPointerException'{0x00000000eb46bb88}> (0x00000000eb46bb88) 
thrown [s\src\hotspot\share\runtime\sharedRuntime.cpp, line 628]
Event: 37.404 Thread 0x00000200e70c89a0 Implicit null exception at 0x00000200cdbb185f to 0x00000200cdbb1a4d
Event: 37.404 Thread 0x00000200e70c89a0 Exception <a 'java/lang/NullPointerException'{0x00000000eb46e708}> (0x00000000eb46e708) 
thrown [s\src\hotspot\share\runtime\sharedRuntime.cpp, line 628]
Event: 37.405 Thread 0x00000200e70c89a0 Implicit null exception at 0x00000200cdbb185f to 0x00000200cdbb1a4d
Event: 37.405 Thread 0x00000200e70c89a0 Exception <a 'java/lang/NullPointerException'{0x00000000eb46ef80}> (0x00000000eb46ef80) 
thrown [s\src\hotspot\share\runtime\sharedRuntime.cpp, line 628]
Event: 37.405 Thread 0x00000200e70c89a0 Implicit null exception at 0x00000200cdbb185f to 0x00000200cdbb1a4d
Event: 37.405 Thread 0x00000200e70c89a0 Exception <a 'java/lang/NullPointerException'{0x00000000eb46f7b8}> (0x00000000eb46f7b8) 
thrown [s\src\hotspot\share\runtime\sharedRuntime.cpp, line 628]
Event: 37.405 Thread 0x00000200e70c89a0 Implicit null exception at 0x00000200cdbb185f to 0x00000200cdbb1a4d
Event: 37.405 Thread 0x00000200e70c89a0 Exception <a 'java/lang/NullPointerException'{0x00000000eb470040}> (0x00000000eb470040) 
thrown [s\src\hotspot\share\runtime\sharedRuntime.cpp, line 628]
Event: 37.405 Thread 0x00000200e70c89a0 Implicit null exception at 0x00000200cdbb185f to 0x00000200cdbb1a4d
Event: 37.405 Thread 0x00000200e70c89a0 Exception <a 'java/lang/NullPointerException'{0x00000000eb4708a8}> (0x00000000eb4708a8) 
thrown [s\src\hotspot\share\runtime\sharedRuntime.cpp, line 628]

VM Operations (20 events):
Event: 37.328 Executing VM operation: HandshakeAllThreads
Event: 37.329 Executing VM operation: HandshakeAllThreads done
Event: 37.332 Executing VM operation: HandshakeAllThreads
Event: 37.332 Executing VM operation: HandshakeAllThreads done
Event: 37.337 Executing VM operation: HandshakeAllThreads
Event: 37.337 Executing VM operation: HandshakeAllThreads done
Event: 37.340 Executing VM operation: HandshakeAllThreads
Event: 37.340 Executing VM operation: HandshakeAllThreads done
Event: 37.347 Executing VM operation: HandshakeAllThreads
Event: 37.347 Executing VM operation: HandshakeAllThreads done
Event: 37.362 Executing VM operation: HandshakeAllThreads
Event: 37.362 Executing VM operation: HandshakeAllThreads done
Event: 37.369 Executing VM operation: HandshakeAllThreads
Event: 37.369 Executing VM operation: HandshakeAllThreads done
Event: 37.371 Executing VM operation: HandshakeAllThreads
Event: 37.371 Executing VM operation: HandshakeAllThreads done
Event: 37.375 Executing VM operation: HandshakeAllThreads
Event: 37.375 Executing VM operation: HandshakeAllThreads done
Event: 37.421 Executing VM operation: HandshakeAllThreads
Event: 37.421 Executing VM operation: HandshakeAllThreads done

Events (20 events):
Event: 33.601 Thread 0x00000200e188a5c0 Thread added: 0x00000200e188a5c0
Event: 34.188 Thread 0x00000200e70c54b0 Thread added: 0x00000200e70c54b0
Event: 34.189 Thread 0x00000200e70c84d0 Thread exited: 0x00000200e70c84d0
Event: 34.190 loading class jdk/internal/reflect/UnsafeLongFieldAccessorImpl
Event: 34.191 loading class jdk/internal/reflect/UnsafeLongFieldAccessorImpl done
Event: 34.193 loading class java/lang/ProcessHandleImpl$Info
Event: 34.193 loading class java/lang/ProcessHandle$Info
Event: 34.194 loading class java/lang/ProcessHandle$Info done
Event: 34.194 loading class java/lang/ProcessHandleImpl$Info done
Event: 34.228 loading class java/util/stream/IntPipeline$1
Event: 34.229 loading class java/util/stream/IntPipeline$1 done
Event: 34.229 loading class java/util/stream/IntPipeline$1$1
Event: 34.230 loading class java/util/stream/IntPipeline$1$1 done
Event: 34.429 Thread 0x00000200e188a5c0 Thread exited: 0x00000200e188a5c0
Event: 34.850 Thread 0x00000200e188a5c0 Thread added: 0x00000200e188a5c0
Event: 34.984 Thread 0x00000200e7c423c0 Thread added: 0x00000200e7c423c0
Event: 35.414 Thread 0x00000200e7c423c0 Thread exited: 0x00000200e7c423c0
Event: 36.076 Thread 0x00000200e188a5c0 Thread exited: 0x00000200e188a5c0
Event: 37.324 Thread 0x00000200e188a5c0 Thread added: 0x00000200e188a5c0
Event: 37.395 Thread 0x00000200e272d760 Thread added: 0x00000200e272d760


Dynamic libraries:
0x00007ff710d10000 - 0x00007ff710d1e000 	c:\Users\Charan\.vscode\extensions\redhat.java-1.17.0-win32-x64\jre\17.0.6-win32-x86_64\bin\java.exe
0x00007fffe0990000 - 0x00007fffe0b88000 	C:\WINDOWS\SYSTEM32\ntdll.dll
0x00007fffdff90000 - 0x00007fffe004f000 	C:\WINDOWS\System32\KERNEL32.DLL
0x00007fffde400000 - 0x00007fffde6f6000 	C:\WINDOWS\System32\KERNELBASE.dll
0x00007fffde730000 - 0x00007fffde830000 	C:\WINDOWS\System32\ucrtbase.dll
0x00007fffc1880000 - 0x00007fffc1897000 	c:\Users\Charan\.vscode\extensions\redhat.java-1.17.0-win32-x64\jre\17.0.6-win32-x86_64\bin\jli.dll
0x00007fffd61f0000 - 0x00007fffd6209000 	c:\Users\Charan\.vscode\extensions\redhat.java-1.17.0-win32-x64\jre\17.0.6-win32-x86_64\bin\VCRUNTIME140.dll
0x00007fffe00d0000 - 0x00007fffe026d000 	C:\WINDOWS\System32\USER32.dll
0x00007fffde2d0000 - 0x00007fffde2f2000 	C:\WINDOWS\System32\win32u.dll
0x00007fffcd9d0000 - 0x00007fffcdc6a000 	C:\WINDOWS\WinSxS\amd64_microsoft.windows.common-controls_6595b64144ccf1df_6.0.19041.1110_none_60b5254171f9507e\COMCTL32.dll
0x00007fffdec00000 - 0x00007fffdec2c000 	C:\WINDOWS\System32\GDI32.dll
0x00007fffdea20000 - 0x00007fffdeabe000 	C:\WINDOWS\System32\msvcrt.dll
0x00007fffde8d0000 - 0x00007fffde9e5000 	C:\WINDOWS\System32\gdi32full.dll
0x00007fffde830000 - 0x00007fffde8cd000 	C:\WINDOWS\System32\msvcp_win.dll
0x00007fffde9f0000 - 0x00007fffdea20000 	C:\WINDOWS\System32\IMM32.DLL
0x00007fffd8020000 - 0x00007fffd802c000 	c:\Users\Charan\.vscode\extensions\redhat.java-1.17.0-win32-x64\jre\17.0.6-win32-x86_64\bin\vcruntime140_1.dll
0x00007fffb3dd0000 - 0x00007fffb3e61000 	c:\Users\Charan\.vscode\extensions\redhat.java-1.17.0-win32-x64\jre\17.0.6-win32-x86_64\bin\msvcp140.dll
0x00007fffa66e0000 - 0x00007fffa7327000 	c:\Users\Charan\.vscode\extensions\redhat.java-1.17.0-win32-x64\jre\17.0.6-win32-x86_64\bin\server\jvm.dll
0x00007fffe0360000 - 0x00007fffe040f000 	C:\WINDOWS\System32\ADVAPI32.dll
0x00007fffe0410000 - 0x00007fffe04ac000 	C:\WINDOWS\System32\sechost.dll
0x00007fffdf690000 - 0x00007fffdf7b6000 	C:\WINDOWS\System32\RPCRT4.dll
0x00007fffb93c0000 - 0x00007fffb93c9000 	C:\WINDOWS\SYSTEM32\WSOCK32.dll
0x00007fffe0050000 - 0x00007fffe00bb000 	C:\WINDOWS\System32\WS2_32.dll
0x00007fffd3b10000 - 0x00007fffd3b37000 	C:\WINDOWS\SYSTEM32\WINMM.dll
0x00007fffd6530000 - 0x00007fffd653a000 	C:\WINDOWS\SYSTEM32\VERSION.dll
0x00007fffdc840000 - 0x00007fffdc852000 	C:\WINDOWS\SYSTEM32\kernel.appcore.dll
0x00007fffd6230000 - 0x00007fffd623a000 	c:\Users\Charan\.vscode\extensions\redhat.java-1.17.0-win32-x64\jre\17.0.6-win32-x86_64\bin\jimage.dll
0x00007fffdbd20000 - 0x00007fffdbf04000 	C:\WINDOWS\SYSTEM32\DBGHELP.DLL
0x00007fffcaa80000 - 0x00007fffcaab4000 	C:\WINDOWS\SYSTEM32\dbgcore.DLL
0x00007fffde070000 - 0x00007fffde0f2000 	C:\WINDOWS\System32\bcryptPrimitives.dll
0x00007fffc5590000 - 0x00007fffc559e000 	c:\Users\Charan\.vscode\extensions\redhat.java-1.17.0-win32-x64\jre\17.0.6-win32-x86_64\bin\instrument.dll
0x00007fffc16b0000 - 0x00007fffc16d5000 	c:\Users\Charan\.vscode\extensions\redhat.java-1.17.0-win32-x64\jre\17.0.6-win32-x86_64\bin\java.dll
0x00007fffc1860000 - 0x00007fffc1878000 	c:\Users\Charan\.vscode\extensions\redhat.java-1.17.0-win32-x64\jre\17.0.6-win32-x86_64\bin\zip.dll
0x00007fffded60000 - 0x00007fffdf4a4000 	C:\WINDOWS\System32\SHELL32.dll
0x00007fffdc090000 - 0x00007fffdc823000 	C:\WINDOWS\SYSTEM32\windows.storage.dll
0x00007fffe05c0000 - 0x00007fffe0914000 	C:\WINDOWS\System32\combase.dll
0x00007fffdd9e0000 - 0x00007fffdda0e000 	C:\WINDOWS\SYSTEM32\Wldp.dll
0x00007fffdf4b0000 - 0x00007fffdf55d000 	C:\WINDOWS\System32\SHCORE.dll
0x00007fffe04b0000 - 0x00007fffe0505000 	C:\WINDOWS\System32\shlwapi.dll
0x00007fffddfa0000 - 0x00007fffddfc5000 	C:\WINDOWS\SYSTEM32\profapi.dll
0x00007fffc1690000 - 0x00007fffc16a9000 	C:\Users\Charan\.vscode\extensions\redhat.java-1.17.0-win32-x64\jre\17.0.6-win32-x86_64\bin\net.dll
0x00007fffd4d70000 - 0x00007fffd4e7a000 	C:\WINDOWS\SYSTEM32\WINHTTP.dll
0x00007fffdd740000 - 0x00007fffdd7aa000 	C:\WINDOWS\system32\mswsock.dll
0x00007fffb6eb0000 - 0x00007fffb6ec5000 	C:\Users\Charan\.vscode\extensions\redhat.java-1.17.0-win32-x64\jre\17.0.6-win32-x86_64\bin\nio.dll
0x00007fffc4df0000 - 0x00007fffc4e00000 	c:\Users\Charan\.vscode\extensions\redhat.java-1.17.0-win32-x64\jre\17.0.6-win32-x86_64\bin\verify.dll
0x00007fffb0560000 - 0x00007fffb059e000 	C:\Users\Charan\AppData\Roaming\Code\User\globalStorage\redhat.java\1.17.0\config_win\org.eclipse.equinox.launcher\org.eclipse.equinox.launcher.win32.win32.x86_64_1.2.700.v20221108-1024\eclipse_11801.dll
0x00007fffdf560000 - 0x00007fffdf68a000 	C:\WINDOWS\System32\ole32.dll
0x00007fffdd940000 - 0x00007fffdd958000 	C:\WINDOWS\SYSTEM32\CRYPTSP.dll
0x00007fffdd020000 - 0x00007fffdd054000 	C:\WINDOWS\system32\rsaenh.dll
0x00007fffde700000 - 0x00007fffde727000 	C:\WINDOWS\System32\bcrypt.dll
0x00007fffddf60000 - 0x00007fffddf8e000 	C:\WINDOWS\SYSTEM32\USERENV.dll
0x00007fffdd930000 - 0x00007fffdd93c000 	C:\WINDOWS\SYSTEM32\CRYPTBASE.dll
0x00007fffdd410000 - 0x00007fffdd44b000 	C:\WINDOWS\SYSTEM32\IPHLPAPI.DLL
0x00007fffdfb10000 - 0x00007fffdfb18000 	C:\WINDOWS\System32\NSI.dll
0x00007fffd06b0000 - 0x00007fffd06c7000 	C:\WINDOWS\SYSTEM32\dhcpcsvc6.DLL
0x00007fffd3850000 - 0x00007fffd386d000 	C:\WINDOWS\SYSTEM32\dhcpcsvc.DLL
0x00007fffdd450000 - 0x00007fffdd51a000 	C:\WINDOWS\SYSTEM32\DNSAPI.dll
0x00007fffac7d0000 - 0x00007fffac815000 	C:\Users\Charan\AppData\Local\Temp\jna-2017201699\jna12886116006711803810.dll
0x00007fffe0940000 - 0x00007fffe0948000 	C:\WINDOWS\System32\PSAPI.DLL
0x00007fffc8be0000 - 0x00007fffc8bee000 	C:\Users\Charan\.vscode\extensions\redhat.java-1.17.0-win32-x64\jre\17.0.6-win32-x86_64\bin\sunmscapi.dll
0x00007fffde170000 - 0x00007fffde2ce000 	C:\WINDOWS\System32\CRYPT32.dll
0x00007fffdda50000 - 0x00007fffdda78000 	C:\WINDOWS\SYSTEM32\ncrypt.dll
0x00007fffdda10000 - 0x00007fffdda4b000 	C:\WINDOWS\SYSTEM32\NTASN1.dll

dbghelp: loaded successfully - version: 4.0.5 - missing functions: none
symbol engine: initialized successfully - sym options: 0x614 - pdb path: .;c:\Users\Charan\.vscode\extensions\redhat.java-1.17.0-win32-x64\jre\17.0.6-win32-x86_64\bin;C:\WINDOWS\SYSTEM32;C:\WINDOWS\WinSxS\amd64_microsoft.windows.common-controls_6595b64144ccf1df_6.0.19041.1110_none_60b5254171f9507e;c:\Users\Charan\.vscode\extensions\redhat.java-1.17.0-win32-x64\jre\17.0.6-win32-x86_64\bin\server;C:\Users\Charan\AppData\Roaming\Code\User\globalStorage\redhat.java\1.17.0\config_win\org.eclipse.equinox.launcher\org.eclipse.equinox.launcher.win32.win32.x86_64_1.2.700.v20221108-1024;C:\Users\Charan\AppData\Local\Temp\jna-2017201699

VM Arguments:
jvm_args: --add-modules=ALL-SYSTEM --add-opens=java.base/java.util=ALL-UNNAMED --add-opens=java.base/java.lang=ALL-UNNAMED --add-opens=java.base/sun.nio.fs=ALL-UNNAMED -Declipse.application=org.eclipse.jdt.ls.core.id1 -Dosgi.bundles.defaultStartLevel=4 -Declipse.product=org.eclipse.jdt.ls.core.product -Djava.import.generatesMetadataFilesAtProjectRoot=false -Dfile.encoding=utf8 -XX:+UseParallelGC -XX:GCTimeRatio=4 -XX:AdaptiveSizePolicyWeight=90 -Dsun.zip.disableMemoryMapping=true -Xmx1G -Xms100m -Xlog:disable -javaagent:c:\Users\Charan\.vscode\extensions\redhat.java-1.17.0-win32-x64\lombok\lombok-1.18.24.jar -XX:+HeapDumpOnOutOfMemoryError -XX:HeapDumpPath=c:\Users\Charan\AppData\Roaming\Code\User\workspaceStorage\0be0a876a36b49479f395b5b8852e472\redhat.java -Daether.dependencyCollector.impl=bf 
java_command: c:\Users\Charan\.vscode\extensions\redhat.java-1.17.0-win32-x64\server\plugins\org.eclipse.equinox.launcher_1.6.400.v20210924-0641.jar -configuration c:\Users\Charan\AppData\Roaming\Code\User\globalStorage\redhat.java\1.17.0\config_win -data c:\Users\Charan\AppData\Roaming\Code\User\workspaceStorage\0be0a876a36b49479f395b5b8852e472\redhat.java\jdt_ws
java_class_path (initial): c:\Users\Charan\.vscode\extensions\redhat.java-1.17.0-win32-x64\server\plugins\org.eclipse.equinox.launcher_1.6.400.v20210924-0641.jar
Launcher Type: SUN_STANDARD

[Global flags]
    uintx AdaptiveSizePolicyWeight                 = 90                                        {product} {command line}
     intx CICompilerCount                          = 4                                         {product} {ergonomic}
    uintx GCTimeRatio                              = 4                                         {product} {command line}
     bool HeapDumpOnOutOfMemoryError               = true                                   {manageable} {command line}
    ccstr HeapDumpPath                             = c:\Users\Charan\AppData\Roaming\Code\User\workspaceStorage\0be0a876a36b49479f395b5b8852e472\redhat.java         {manageable} {command line}
   size_t InitialHeapSize                          = 104857600                                 {product} {command line}
   size_t MaxHeapSize                              = 1073741824                                {product} {command line}
   size_t MaxNewSize                               = 357564416                                 {product} {ergonomic}
   size_t MinHeapDeltaBytes                        = 524288                                    {product} {ergonomic}
   size_t MinHeapSize                              = 104857600                                 {product} {command line}
   size_t NewSize                                  = 34603008                                  {product} {ergonomic}
    uintx NonNMethodCodeHeapSize                   = 5839372                                {pd product} {ergonomic}
    uintx NonProfiledCodeHeapSize                  = 122909434                              {pd product} {ergonomic}
   size_t OldSize                                  = 70254592                                  {product} {ergonomic}
    uintx ProfiledCodeHeapSize                     = 122909434                              {pd product} {ergonomic}
    uintx ReservedCodeCacheSize                    = 251658240                              {pd product} {ergonomic}
     bool SegmentedCodeCache                       = true                                      {product} {ergonomic}
   size_t SoftMaxHeapSize                          = 1073741824                             {manageable} {ergonomic}
     bool UseCompressedClassPointers               = true                           {product lp64_product} {ergonomic}
     bool UseCompressedOops                        = true                           {product lp64_product} {ergonomic}
     bool UseLargePagesIndividualAllocation        = false                                  {pd product} {ergonomic}
     bool UseParallelGC                            = true                                      {product} {command line}

Logging:
Log output configuration:
 #0: stdout all=off uptime,level,tags
 #1: stderr all=off uptime,level,tags

Environment Variables:
PATH=C:\Program Files\Common Files\Oracle\Java\javapath;C:\Program Files (x86)\Common Files\Oracle\Java\javapath;C:\WINDOWS\system32;C:\WINDOWS;C:\WINDOWS\System32\Wbem;C:\WINDOWS\System32\WindowsPowerShell\v1.0\;C:\WINDOWS\System32\OpenSSH\;C:\Program Files\Intel\WiFi\bin\;C:\Program Files\Common Files\Intel\WirelessCommon\;C:\Program Files\PuTTY\;C:\Program Files\Erlang OTP\bin;C:\Program Files (x86)\Elixir\bin;C:\WINDOWS\system32\config\systemprofile\.mix\escripts;C:\Users\Charan\.cargo\bin;C:\Users\Charan\AppData\Local\Programs\Python\Python39\Scripts\;C:\Users\Charan\AppData\Local\Programs\Python\Python39\;C:\Users\Charan\AppData\Local\Microsoft\WindowsApps;C:\Users\Charan\Desktop\aircrack-ng-1.6-win\bin;;C:\Program Files\JetBrains\IntelliJ IDEA Community Edition 2020.2\bin;;C:\Users\Charan\AppData\Local\Programs\Microsoft VS Code\bin;C:\ghcup\bin
USERNAME=Charan
OS=Windows_NT
PROCESSOR_IDENTIFIER=AMD64 Family 23 Model 17 Stepping 0, AuthenticAMD
TMP=C:\Users\Charan\AppData\Local\Temp
TEMP=C:\Users\Charan\AppData\Local\Temp



---------------  S Y S T E M  ---------------

OS:
 Windows 10 , 64 bit Build 19041 (10.0.19041.3155)
OS uptime: 0 days 0:16 hours
Hyper-V role detected

CPU: total 8 (initial active 8) (8 cores per cpu, 2 threads per core) family 23 model 17 stepping 0 microcode 0x0, cx8, cmov, fxsr, ht, mmx, 3dnowpref, sse, sse2, sse3, ssse3, sse4a, sse4.1, sse4.2, popcnt, lzcnt, tsc, tscinvbit, avx, avx2, aes, clmul, bmi1, bmi2, adx, sha, fma, vzeroupper, clflush, clflushopt, hv

Memory: 4k page, system-wide physical 7123M (1510M free)
TotalPageFile size 7123M (AvailPageFile size 6M)
current process WorkingSet (physical memory assigned to process): 730M, peak: 731M
current process commit charge ("private bytes"): 733M, peak: 734M

vm_info: OpenJDK 64-Bit Server VM (17.0.6+10) for windows-amd64 JRE (17.0.6+10), built on Jan 18 2023 10:08:59 by "temurin" with MS VC++ 16.7 (VS2019)

END.
